/home/aitraining/workspace/huydq46/Face_Attendance_System/venv/lib/python3.7/site-packages/setuptools/depends.py:2: DeprecationWarning: the imp module is deprecated in favour of importlib; see the module's documentation for alternative uses
  import imp
/home/aitraining/workspace/huydq46/Face_Attendance_System/venv/lib/python3.7/site-packages/torch/functional.py:478: UserWarning: torch.meshgrid: in an upcoming release, it will be required to pass the indexing argument. (Triggered internally at  ../aten/src/ATen/native/TensorShape.cpp:2894.)
  return _VF.meshgrid(tensors, **kwargs)  # type: ignore[attr-defined]
INFO:utils.torch_utils:Model Summary: 231 layers, 7064992 parameters, 0 gradients, 15.2 GFLOPS
Fusing layers... 
load model done!!
reading...
---------------------------------------
               PaddleFace              
+----------------+--------------------+
|     Param      |       Value        |
+----------------+--------------------+
|   det_model    |     BlazeFace      |
|   rec_model    |      ArcFace       |
|    use_gpu     |        True        |
| enable_mkldnn  |       False        |
|  cpu_threads   |         1          |
|     input      |        None        |
|     output     |      output/       |
|      det       |       False        |
|   det_thresh   |        0.8         |
|      rec       |        True        |
|     index      | datasets/index.bin |
|    cdd_num     |         5          |
|   rec_thresh   |        0.45        |
| max_batch_size |         1          |
|  build_index   |        None        |
|    img_dir     |        None        |
|     label      |        None        |
+----------------+--------------------+
        Powered by PaddlePaddle!       
---------------------------------------
INFO:kafka.consumer.subscription_state:Updated partition assignment: [TopicPartition(topic='face_vcc', partition=0)]
INFO:kafka.conn:<BrokerConnection node_id=1 host=10.248.243.110:39092 <connecting> [IPv4 ('10.248.243.110', 39092)]>: connecting to 10.248.243.110:39092 [('10.248.243.110', 39092) IPv4]
INFO:kafka.conn:<BrokerConnection node_id=1 host=10.248.243.110:39092 <connecting> [IPv4 ('10.248.243.110', 39092)]>: Connection complete.
INFO:kafka.conn:<BrokerConnection node_id=bootstrap-0 host=10.248.243.110:39092 <connected> [IPv4 ('10.248.243.110', 39092)]>: Closing connection. 
INFO:kafka.conn:<BrokerConnection node_id=1 host=10.248.243.110:39092 <connecting> [IPv4 ('10.248.243.110', 39092)]>: connecting to 10.248.243.110:39092 [('10.248.243.110', 39092) IPv4]
INFO:kafka.conn:<BrokerConnection node_id=1 host=10.248.243.110:39092 <connecting> [IPv4 ('10.248.243.110', 39092)]>: Connection complete.
INFO:kafka.conn:<BrokerConnection node_id=bootstrap-0 host=10.248.243.110:39092 <connected> [IPv4 ('10.248.243.110', 39092)]>: Closing connection. 
Exception ignored in: <module 'threading' from '/home/aitraining/anaconda3/lib/python3.7/threading.py'>
Traceback (most recent call last):
  File "/home/aitraining/anaconda3/lib/python3.7/threading.py", line 1307, in _shutdown
    lock.acquire()
KeyboardInterrupt
INFO:kafka.producer.kafka:Closing the Kafka producer with 0 secs timeout.
INFO:kafka.producer.kafka:Proceeding to force close the producer since pending requests could not be completed within timeout 0.
reading...
+++++++++++++load embedding done!+++++++++++++
reading...
reading...
reading...
reading...
reading...
reading...
reading...
reading...
reading...
reading...
reading...
reading...
reading...
reading...
reading...
reading...
reading...
reading...
reading...
reading...
reading...
reading...
reading...
reading...
reading...
reading...
reading...
reading...
reading...
reading...
reading...
reading...
reading...
reading...
reading...
reading...
reading...
reading...
reading...
reading...
reading...
reading...
reading...
reading...
reading...
reading...
reading...
reading...
reading...
reading...
reading...
reading...
reading...
reading...
reading...
reading...
reading...
reading...
reading...
reading...
reading...
reading...
reading...
reading...
reading...
reading...
reading...
reading...
reading...
reading...
reading...
reading...
reading...
reading...
reading...
reading...
reading...
reading...
reading...
reading...
reading...
reading...
reading...
reading...
reading...
reading...
reading...
reading...
reading...
reading...
reading...
reading...
[ConsumerRecord(topic='face_vcc', partition=0, offset=113, timestamp=1668683669753, timestamp_type=0, key=None, value=b'{"status": true, "currenttime": "2022-11-17_18:14:29.753721", "indexURL": "FACE/data/index.bin"}', headers=[], checksum=None, serialized_key_size=-1, serialized_value_size=96, serialized_header_size=-1)]
mess done!
---------------------------------------
               PaddleFace              
+----------------+--------------------+
|     Param      |       Value        |
+----------------+--------------------+
|   det_model    |     BlazeFace      |
|   rec_model    |      ArcFace       |
|    use_gpu     |        True        |
| enable_mkldnn  |       False        |
|  cpu_threads   |         1          |
|     input      |        None        |
|     output     |      output/       |
|      det       |       False        |
|   det_thresh   |        0.8         |
|      rec       |        True        |
|     index      | datasets/index.bin |
|    cdd_num     |         5          |
|   rec_thresh   |        0.45        |
| max_batch_size |         1          |
|  build_index   |        None        |
|    img_dir     |        None        |
|     label      |        None        |
+----------------+--------------------+
        Powered by PaddlePaddle!       
---------------------------------------
+++++++++++++load embedding done!+++++++++++++
load arcface done!
reading...
reading...
reading...
reading...
reading...
reading...
reading...
reading...
reading...
reading...
reading...
reading...
reading...
reading...
reading...
reading...
reading...
reading...
reading...
reading...
reading...
reading...
reading...
reading...
reading...
reading...
reading...
reading...
reading...
reading...
reading...
reading...
reading...
reading...
reading...
reading...
reading...
reading...
reading...
reading...
reading...
reading...
reading...
reading...
reading...
reading...
reading...
reading...
reading...
reading...
reading...
reading...
reading...
reading...
reading...
reading...
reading...
reading...
reading...
reading...
reading...
reading...
reading...
reading...
reading...
reading...
reading...
reading...
reading...
